2020-12-24 09:30:30,336 [Worker-6: Loading available Gradle versions] INFO  o.e.b.c.i.u.g.PublishedGradleVersions - Gradle version information cache is up-to-date. Trying to read.
2020-12-24 09:33:18,566 [Worker-7: Importing Maven projects] INFO  o.e.m.c.i.l.LifecycleMappingFactory - Using org.eclipse.m2e.jdt.JarLifecycleMapping lifecycle mapping for MavenProject: com.cts:7-boot-rest-app:1 @ /Users/praveen/Training/Cognizant/Emblem-boot/Boot/boot-ws/7-boot-rest-app/pom.xml.
2020-12-24 09:33:19,516 [Worker-7: Importing Maven projects] INFO  o.e.m.j.i.AbstractJavaProjectConfigurator - Adding source folder /7-boot-rest-app/src/main/java
2020-12-24 09:33:19,516 [Worker-7: Importing Maven projects] INFO  o.e.m.j.i.AbstractJavaProjectConfigurator - Adding resource folder /7-boot-rest-app/src/main/resources
2020-12-24 09:33:19,517 [Worker-7: Importing Maven projects] INFO  o.e.m.j.i.AbstractJavaProjectConfigurator - Adding resource folder /7-boot-rest-app/src/main/resources
2020-12-24 09:33:19,517 [Worker-7: Importing Maven projects] INFO  o.e.m.j.i.AbstractJavaProjectConfigurator - Adding source folder /7-boot-rest-app/src/test/java
2020-12-24 09:33:19,668 [Worker-7: Importing Maven projects] INFO  o.e.m.c.i.p.ProjectConfigurationManager - Imported and configured 1 project(s) in 4 sec
2020-12-24 09:33:21,131 [Worker-10: Building] INFO  o.e.m.c.i.embedder.EclipseLogger - Using 'UTF-8' encoding to copy filtered resources.
2020-12-24 09:33:21,135 [Worker-10: Building] INFO  o.e.m.c.i.embedder.EclipseLogger - Copying 1 resource
2020-12-24 09:33:21,149 [Worker-10: Building] INFO  o.e.m.c.i.embedder.EclipseLogger - Copying 0 resource
2020-12-24 09:33:21,152 [Worker-10: Building] INFO  o.e.m.c.i.embedder.EclipseLogger - Using 'UTF-8' encoding to copy filtered resources.
2020-12-24 09:33:21,152 [Worker-10: Building] INFO  o.e.m.c.i.embedder.EclipseLogger - skip non existing resourceDirectory /Users/praveen/Training/Cognizant/Emblem-boot/Boot/boot-ws/7-boot-rest-app/src/test/resources
2020-12-24 12:15:27,888 [Worker-20: Building] INFO  o.e.m.c.i.embedder.EclipseLogger - Using 'UTF-8' encoding to copy filtered resources.
2020-12-24 12:15:27,895 [Worker-20: Building] INFO  o.e.m.c.i.embedder.EclipseLogger - Copying 1 resource
2020-12-24 12:15:27,898 [Worker-20: Building] INFO  o.e.m.c.i.embedder.EclipseLogger - Copying 0 resource
2020-12-24 12:15:27,901 [Worker-20: Building] INFO  o.e.m.c.i.embedder.EclipseLogger - Using 'UTF-8' encoding to copy filtered resources.
2020-12-24 12:15:27,901 [Worker-20: Building] INFO  o.e.m.c.i.embedder.EclipseLogger - skip non existing resourceDirectory /Users/praveen/Training/Cognizant/Emblem-boot/Boot/boot-ws/7-boot-rest-app/src/test/resources
2020-12-28 09:40:29,944 [Worker-2: Loading available Gradle versions] INFO  o.e.b.c.i.u.g.PublishedGradleVersions - Gradle version information cache is up-to-date. Trying to read.
2020-12-28 09:41:27,410 [Worker-2: Importing Maven projects] INFO  o.e.m.c.i.l.LifecycleMappingFactory - Using org.eclipse.m2e.jdt.JarLifecycleMapping lifecycle mapping for MavenProject: com.cts:14-boot-RestAPI-DB:1 @ /Users/praveen/Training/Cognizant/adm-boot-b2/spring-ws/14-boot-RestAPI-DB/pom.xml.
2020-12-28 09:41:29,036 [Worker-2: Importing Maven projects] INFO  o.e.m.j.i.AbstractJavaProjectConfigurator - Adding source folder /14-boot-RestAPI-DB/src/main/java
2020-12-28 09:41:29,036 [Worker-2: Importing Maven projects] INFO  o.e.m.j.i.AbstractJavaProjectConfigurator - Adding resource folder /14-boot-RestAPI-DB/src/main/resources
2020-12-28 09:41:29,037 [Worker-2: Importing Maven projects] INFO  o.e.m.j.i.AbstractJavaProjectConfigurator - Adding resource folder /14-boot-RestAPI-DB/src/main/resources
2020-12-28 09:41:29,037 [Worker-2: Importing Maven projects] INFO  o.e.m.j.i.AbstractJavaProjectConfigurator - Adding source folder /14-boot-RestAPI-DB/src/test/java
2020-12-28 09:41:29,261 [Worker-2: Importing Maven projects] INFO  o.e.m.c.i.p.ProjectConfigurationManager - Imported and configured 1 project(s) in 3 sec
2020-12-28 09:41:30,838 [Worker-1: Building] INFO  o.e.m.c.i.embedder.EclipseLogger - Using 'UTF-8' encoding to copy filtered resources.
2020-12-28 09:41:30,838 [Worker-1: Building] INFO  o.e.m.c.i.embedder.EclipseLogger - Using 'UTF-8' encoding to copy filtered properties files.
2020-12-28 09:41:30,842 [Worker-1: Building] INFO  o.e.m.c.i.embedder.EclipseLogger - Copying 1 resource
2020-12-28 09:41:30,861 [Worker-1: Building] INFO  o.e.m.c.i.embedder.EclipseLogger - Copying 0 resource
2020-12-28 09:41:30,861 [Worker-1: Building] INFO  o.e.m.c.i.embedder.EclipseLogger - The encoding used to copy filtered properties files have not been set. This means that the same encoding will be used to copy filtered properties files as when copying other filtered resources. This might not be what you want! Run your build with --debug to see which files might be affected. Read more at https://maven.apache.org/plugins/maven-resources-plugin/examples/filtering-properties-files.html
2020-12-28 09:41:30,864 [Worker-1: Building] INFO  o.e.m.c.i.embedder.EclipseLogger - Using 'UTF-8' encoding to copy filtered resources.
2020-12-28 09:41:30,864 [Worker-1: Building] INFO  o.e.m.c.i.embedder.EclipseLogger - Using 'UTF-8' encoding to copy filtered properties files.
2020-12-28 09:41:30,864 [Worker-1: Building] INFO  o.e.m.c.i.embedder.EclipseLogger - skip non existing resourceDirectory /Users/praveen/Training/Cognizant/adm-boot-b2/spring-ws/14-boot-RestAPI-DB/src/test/resources
2020-12-28 09:42:50,140 [Worker-5: Launching 14-boot-RestAPI-DB - Application] INFO  o.e.m.c.i.embedder.EclipseLogger - Using 'UTF-8' encoding to copy filtered resources.
2020-12-28 09:42:50,140 [Worker-5: Launching 14-boot-RestAPI-DB - Application] INFO  o.e.m.c.i.embedder.EclipseLogger - Using 'UTF-8' encoding to copy filtered properties files.
2020-12-28 09:42:50,148 [Worker-5: Launching 14-boot-RestAPI-DB - Application] INFO  o.e.m.c.i.embedder.EclipseLogger - Copying 1 resource
2020-12-28 09:42:50,204 [Worker-5: Launching 14-boot-RestAPI-DB - Application] INFO  o.e.m.c.i.embedder.EclipseLogger - Copying 0 resource
2020-12-28 09:42:50,204 [Worker-5: Launching 14-boot-RestAPI-DB - Application] INFO  o.e.m.c.i.embedder.EclipseLogger - The encoding used to copy filtered properties files have not been set. This means that the same encoding will be used to copy filtered properties files as when copying other filtered resources. This might not be what you want! Run your build with --debug to see which files might be affected. Read more at https://maven.apache.org/plugins/maven-resources-plugin/examples/filtering-properties-files.html
2020-12-28 09:42:50,209 [Worker-5: Launching 14-boot-RestAPI-DB - Application] INFO  o.e.m.c.i.embedder.EclipseLogger - Using 'UTF-8' encoding to copy filtered resources.
2020-12-28 09:42:50,209 [Worker-5: Launching 14-boot-RestAPI-DB - Application] INFO  o.e.m.c.i.embedder.EclipseLogger - Using 'UTF-8' encoding to copy filtered properties files.
2020-12-28 09:42:50,209 [Worker-5: Launching 14-boot-RestAPI-DB - Application] INFO  o.e.m.c.i.embedder.EclipseLogger - skip non existing resourceDirectory /Users/praveen/Training/Cognizant/adm-boot-b2/spring-ws/14-boot-RestAPI-DB/src/test/resources
2020-12-28 09:44:13,449 [Worker-4: Building] INFO  o.e.m.c.i.embedder.EclipseLogger - Using 'UTF-8' encoding to copy filtered resources.
2020-12-28 09:44:13,450 [Worker-4: Building] INFO  o.e.m.c.i.embedder.EclipseLogger - Using 'UTF-8' encoding to copy filtered properties files.
2020-12-28 09:44:13,450 [Worker-4: Building] INFO  o.e.m.c.i.embedder.EclipseLogger - Copying 1 resource
2020-12-28 09:44:13,457 [Worker-4: Building] INFO  o.e.m.c.i.embedder.EclipseLogger - Copying 0 resource
2020-12-28 09:44:13,457 [Worker-4: Building] INFO  o.e.m.c.i.embedder.EclipseLogger - The encoding used to copy filtered properties files have not been set. This means that the same encoding will be used to copy filtered properties files as when copying other filtered resources. This might not be what you want! Run your build with --debug to see which files might be affected. Read more at https://maven.apache.org/plugins/maven-resources-plugin/examples/filtering-properties-files.html
2020-12-28 09:44:13,459 [Worker-4: Building] INFO  o.e.m.c.i.embedder.EclipseLogger - Using 'UTF-8' encoding to copy filtered resources.
2020-12-28 09:44:13,459 [Worker-4: Building] INFO  o.e.m.c.i.embedder.EclipseLogger - Using 'UTF-8' encoding to copy filtered properties files.
2020-12-28 09:44:13,459 [Worker-4: Building] INFO  o.e.m.c.i.embedder.EclipseLogger - skip non existing resourceDirectory /Users/praveen/Training/Cognizant/adm-boot-b2/spring-ws/14-boot-RestAPI-DB/src/test/resources
2020-12-28 09:44:14,529 [Worker-10: Building] INFO  o.e.m.c.i.embedder.EclipseLogger - Using 'UTF-8' encoding to copy filtered resources.
2020-12-28 09:44:14,530 [Worker-10: Building] INFO  o.e.m.c.i.embedder.EclipseLogger - Using 'UTF-8' encoding to copy filtered properties files.
2020-12-28 09:44:14,530 [Worker-10: Building] INFO  o.e.m.c.i.embedder.EclipseLogger - Copying 1 resource
2020-12-28 09:44:14,536 [Worker-10: Building] INFO  o.e.m.c.i.embedder.EclipseLogger - Copying 0 resource
2020-12-28 09:44:14,536 [Worker-10: Building] INFO  o.e.m.c.i.embedder.EclipseLogger - The encoding used to copy filtered properties files have not been set. This means that the same encoding will be used to copy filtered properties files as when copying other filtered resources. This might not be what you want! Run your build with --debug to see which files might be affected. Read more at https://maven.apache.org/plugins/maven-resources-plugin/examples/filtering-properties-files.html
2020-12-28 09:44:14,539 [Worker-10: Building] INFO  o.e.m.c.i.embedder.EclipseLogger - Using 'UTF-8' encoding to copy filtered resources.
2020-12-28 09:44:14,539 [Worker-10: Building] INFO  o.e.m.c.i.embedder.EclipseLogger - Using 'UTF-8' encoding to copy filtered properties files.
2020-12-28 09:44:14,539 [Worker-10: Building] INFO  o.e.m.c.i.embedder.EclipseLogger - skip non existing resourceDirectory /Users/praveen/Training/Cognizant/adm-boot-b2/spring-ws/14-boot-RestAPI-DB/src/test/resources
2020-12-29 12:05:07,711 [Worker-10: Loading available Gradle versions] INFO  o.e.b.c.i.u.g.PublishedGradleVersions - Gradle version information cache is out-of-date. Trying to update.
2020-12-30 09:45:20,815 [Worker-5: Loading available Gradle versions] INFO  o.e.b.c.i.u.g.PublishedGradleVersions - Gradle version information cache is up-to-date. Trying to read.
